<?xml version="1.0" encoding="UTF-8"?>
<!-- Generated by org.testng.reporters.JUnitXMLReporter -->
<testsuite ignored="0" hostname="MSI" failures="0" tests="6" name="nopCommerce Test" time="106.962" errors="0" timestamp="2023-05-07T18:48:28 IST">
  <testcase classname="com.nopcommerce.testCases.TC_HomeScreen_01" name="addProductToCartAndVerifyAddedMesssage" time="14.631"/>
  <testcase classname="com.nopcommerce.testCases.TC_HomeScreen_01" name="clickOnDesktopsfromComputers" time="1.158"/>
  <testcase classname="com.nopcommerce.testCases.TC_HomeScreen_01" name="homePage" time="0.099"/>
  <testcase classname="com.nopcommerce.testCases.TC_HomeScreen_01" name="navigateOnBillingPageAndEnterAddressDetails" time="27.837"/>
  <testcase classname="com.nopcommerce.testCases.TC_HomeScreen_01" name="navigateToShoppingCartPageAndVerifyProductDetailsAndNavigateToCheckoutPage" time="24.843"/>
  <testcase classname="com.nopcommerce.testCases.TC_HomeScreen_01" name="navigatetoProductsScreen" time="12.45"/>
</testsuite> <!-- nopCommerce Test -->
